# JRE version: OpenJDK Runtime Environment (8.0_212) (build 1.8.0_212-release-1586-b4-5784211)
# Java VM: OpenJDK 64-Bit Server VM (25.212-b4-5784211 mixed mode linux-amd64 compressed oops)
Heap:
 PSYoungGen      total 291328K, used 79449K [0x00000000e0000000, 0x00000000f5300000, 0x0000000100000000)
  eden space 249856K, 16% used [0x00000000e0000000,0x00000000e291bd18,0x00000000ef400000)
  from space 41472K, 90% used [0x00000000f2a00000,0x00000000f4e7a9c0,0x00000000f5280000)
  to   space 48640K, 0% used [0x00000000ef400000,0x00000000ef400000,0x00000000f2380000)
 ParOldGen       total 167936K, used 61501K [0x00000000a0000000, 0x00000000aa400000, 0x00000000e0000000)
  object space 167936K, 36% used [0x00000000a0000000,0x00000000a3c0f6e8,0x00000000aa400000)
 Metaspace       used 90878K, capacity 95611K, committed 95768K, reserved 1132544K
  class space    used 11855K, capacity 12723K, committed 12840K, reserved 1048576K
GC Heap History (10 events):
Event: 456.580 GC heap before
{Heap before GC invocations=13 (full 3):
 PSYoungGen      total 245760K, used 232810K [0x00000000e0000000, 0x00000000f2a80000, 0x0000000100000000)
  eden space 221184K, 100% used [0x00000000e0000000,0x00000000ed800000,0x00000000ed800000)
  from space 24576K, 47% used [0x00000000ed800000,0x00000000ee35abb0,0x00000000ef000000)
  to   space 23040K, 0% used [0x00000000f1400000,0x00000000f1400000,0x00000000f2a80000)
 ParOldGen       total 167936K, used 33973K [0x00000000a0000000, 0x00000000aa400000, 0x00000000e0000000)
  object space 167936K, 20% used [0x00000000a0000000,0x00000000a212d628,0x00000000aa400000)
 Metaspace       used 68185K, capacity 70689K, committed 71064K, reserved 1110016K
  class space    used 8962K, capacity 9520K, committed 9640K, reserved 1048576K
Event: 456.647 GC heap after
Heap after GC invocations=13 (full 3):
 PSYoungGen      total 265216K, used 12416K [0x00000000e0000000, 0x00000000f2100000, 0x0000000100000000)
  eden space 251904K, 0% used [0x00000000e0000000,0x00000000e0000000,0x00000000ef600000)
  from space 13312K, 93% used [0x00000000f1400000,0x00000000f20202c0,0x00000000f2100000)
  to   space 22016K, 0% used [0x00000000ef600000,0x00000000ef600000,0x00000000f0b80000)
 ParOldGen       total 167936K, used 33981K [0x00000000a0000000, 0x00000000aa400000, 0x00000000e0000000)
  object space 167936K, 20% used [0x00000000a0000000,0x00000000a212f628,0x00000000aa400000)
 Metaspace       used 68185K, capacity 70689K, committed 71064K, reserved 1110016K
  class space    used 8962K, capacity 9520K, committed 9640K, reserved 1048576K
}
Event: 771.524 GC heap before
{Heap before GC invocations=14 (full 3):
 PSYoungGen      total 265216K, used 264320K [0x00000000e0000000, 0x00000000f2100000, 0x0000000100000000)
  eden space 251904K, 100% used [0x00000000e0000000,0x00000000ef600000,0x00000000ef600000)
  from space 13312K, 93% used [0x00000000f1400000,0x00000000f20202c0,0x00000000f2100000)
  to   space 22016K, 0% used [0x00000000ef600000,0x00000000ef600000,0x00000000f0b80000)
 ParOldGen       total 167936K, used 33981K [0x00000000a0000000, 0x00000000aa400000, 0x00000000e0000000)
  object space 167936K, 20% used [0x00000000a0000000,0x00000000a212f628,0x00000000aa400000)
 Metaspace       used 74597K, capacity 77319K, committed 77592K, reserved 1116160K
  class space    used 9666K, capacity 10207K, committed 10280K, reserved 1048576K
Event: 771.559 GC heap after
Heap after GC invocations=14 (full 3):
 PSYoungGen      total 273920K, used 21995K [0x00000000e0000000, 0x00000000f4280000, 0x0000000100000000)
  eden space 251904K, 0% used [0x00000000e0000000,0x00000000e0000000,0x00000000ef600000)
  from space 22016K, 99% used [0x00000000ef600000,0x00000000f0b7ae30,0x00000000f0b80000)
  to   space 25088K, 0% used [0x00000000f2a00000,0x00000000f2a00000,0x00000000f4280000)
 ParOldGen       total 167936K, used 34798K [0x00000000a0000000, 0x00000000aa400000, 0x00000000e0000000)
  object space 167936K, 20% used [0x00000000a0000000,0x00000000a21fb9c8,0x00000000aa400000)
 Metaspace       used 74597K, capacity 77319K, committed 77592K, reserved 1116160K
  class space    used 9666K, capacity 10207K, committed 10280K, reserved 1048576K
}
Event: 800.332 GC heap before
{Heap before GC invocations=15 (full 3):
 PSYoungGen      total 273920K, used 273866K [0x00000000e0000000, 0x00000000f4280000, 0x0000000100000000)
  eden space 251904K, 99% used [0x00000000e0000000,0x00000000ef5f7a88,0x00000000ef600000)
  from space 22016K, 99% used [0x00000000ef600000,0x00000000f0b7ae30,0x00000000f0b80000)
  to   space 25088K, 0% used [0x00000000f2a00000,0x00000000f2a00000,0x00000000f4280000)
 ParOldGen       total 167936K, used 34798K [0x00000000a0000000, 0x00000000aa400000, 0x00000000e0000000)
  object space 167936K, 20% used [0x00000000a0000000,0x00000000a21fb9c8,0x00000000aa400000)
 Metaspace       used 86295K, capacity 90157K, committed 90392K, reserved 1128448K
  class space    used 11286K, capacity 11984K, committed 12072K, reserved 1048576K
Event: 800.489 GC heap after
Heap after GC invocations=15 (full 3):
 PSYoungGen      total 292352K, used 25067K [0x00000000e0000000, 0x00000000f5880000, 0x0000000100000000)
  eden space 267264K, 0% used [0x00000000e0000000,0x00000000e0000000,0x00000000f0500000)
  from space 25088K, 99% used [0x00000000f2a00000,0x00000000f427ae80,0x00000000f4280000)
  to   space 37888K, 0% used [0x00000000f0500000,0x00000000f0500000,0x00000000f2a00000)
 ParOldGen       total 167936K, used 60029K [0x00000000a0000000, 0x00000000aa400000, 0x00000000e0000000)
  object space 167936K, 35% used [0x00000000a0000000,0x00000000a3a9f6b0,0x00000000aa400000)
 Metaspace       used 86295K, capacity 90157K, committed 90392K, reserved 1128448K
  class space    used 11286K, capacity 11984K, committed 12072K, reserved 1048576K
}
Event: 1224.036 GC heap before
{Heap before GC invocations=16 (full 3):
 PSYoungGen      total 292352K, used 292331K [0x00000000e0000000, 0x00000000f5880000, 0x0000000100000000)
  eden space 267264K, 100% used [0x00000000e0000000,0x00000000f0500000,0x00000000f0500000)
  from space 25088K, 99% used [0x00000000f2a00000,0x00000000f427ae80,0x00000000f4280000)
  to   space 37888K, 0% used [0x00000000f0500000,0x00000000f0500000,0x00000000f2a00000)
 ParOldGen       total 167936K, used 60029K [0x00000000a0000000, 0x00000000aa400000, 0x00000000e0000000)
  object space 167936K, 35% used [0x00000000a0000000,0x00000000a3a9f6b0,0x00000000aa400000)
 Metaspace       used 89885K, capacity 94051K, committed 94232K, reserved 1130496K
  class space    used 11772K, capacity 12571K, committed 12584K, reserved 1048576K
Event: 1224.184 GC heap after
Heap after GC invocations=16 (full 3):
 PSYoungGen      total 296448K, used 37870K [0x00000000e0000000, 0x00000000f5280000, 0x0000000100000000)
  eden space 258560K, 0% used [0x00000000e0000000,0x00000000e0000000,0x00000000efc80000)
  from space 37888K, 99% used [0x00000000f0500000,0x00000000f29fba48,0x00000000f2a00000)
  to   space 41472K, 0% used [0x00000000f2a00000,0x00000000f2a00000,0x00000000f5280000)
 ParOldGen       total 167936K, used 61493K [0x00000000a0000000, 0x00000000aa400000, 0x00000000e0000000)
  object space 167936K, 36% used [0x00000000a0000000,0x00000000a3c0d6e8,0x00000000aa400000)
 Metaspace       used 89885K, capacity 94051K, committed 94232K, reserved 1130496K
  class space    used 11772K, capacity 12571K, committed 12584K, reserved 1048576K
}
Event: 1651.651 GC heap before
{Heap before GC invocations=17 (full 3):
 PSYoungGen      total 296448K, used 296430K [0x00000000e0000000, 0x00000000f5280000, 0x0000000100000000)
  eden space 258560K, 100% used [0x00000000e0000000,0x00000000efc80000,0x00000000efc80000)
  from space 37888K, 99% used [0x00000000f0500000,0x00000000f29fba48,0x00000000f2a00000)
  to   space 41472K, 0% used [0x00000000f2a00000,0x00000000f2a00000,0x00000000f5280000)
 ParOldGen       total 167936K, used 61493K [0x00000000a0000000, 0x00000000aa400000, 0x00000000e0000000)
  object space 167936K, 36% used [0x00000000a0000000,0x00000000a3c0d6e8,0x00000000aa400000)
 Metaspace       used 90736K, capacity 95419K, committed 95768K, reserved 1132544K
  class space    used 11854K, capacity 12723K, committed 12840K, reserved 1048576K
Event: 1651.746 GC heap after
Heap after GC invocations=17 (full 3):
 PSYoungGen      total 291328K, used 37354K [0x00000000e0000000, 0x00000000f5300000, 0x0000000100000000)
  eden space 249856K, 0% used [0x00000000e0000000,0x00000000e0000000,0x00000000ef400000)
  from space 41472K, 90% used [0x00000000f2a00000,0x00000000f4e7a9c0,0x00000000f5280000)
  to   space 48640K, 0% used [0x00000000ef400000,0x00000000ef400000,0x00000000f2380000)
 ParOldGen       total 167936K, used 61501K [0x00000000a0000000, 0x00000000aa400000, 0x00000000e0000000)
  object space 167936K, 36% used [0x00000000a0000000,0x00000000a3c0f6e8,0x00000000aa400000)
 Metaspace       used 90736K, capacity 95419K, committed 95768K, reserved 1132544K
  class space    used 11854K, capacity 12723K, committed 12840K, reserved 1048576K
}

